

Version:	3.50
CmdLine:	E:\Σχολη\6o εξαμηνο\Αντικειμενοστραφης\Homework\hw3\FileBrowser.exe --l4j-debug
JNI:		No
WOW64:		Yes
Working dir:	E:\Σχολη\6o εξαμηνο\Αντικειμενοστραφης\Homework\hw3\.
Requires JDK:	No
Requires 64-Bit: No
Java min ver:	
Java max ver:	
Substitute:	JAVA_HOME = 
Substitute:	PATH = C:\Program Files\Eclipse Adoptium\jre-21.0.1.12-hotspot\bin;C:\Program Files (x86)\NVIDIA Corporation\PhysX\Common;C:\Windows\system32;C:\Windows;C:\Windows\System32\Wbem;C:\Windows\System32\WindowsPowerShell\v1.0\;C:\Windows\System32\OpenSSH\;C:\Program Files\Git\cmd;C:\Program Files\dotnet\;C:\Program Files\OpenVPN\bin;C:\Program Files\PuTTY\;C:\Program Files\Docker\Docker\resources\bin;C:\Program Files\Helm\helm.exe;C:\ProgramData\chocolatey\bin;;C:\minikube;C:\Users\User\AppData\Local\Programs\Python\Python38\Scripts\;C:\Users\User\AppData\Local\Programs\Python\Python38\;C:\Users\User\AppData\Local\Microsoft\WindowsApps;C:\Users\User\AppData\Local\Programs\Microsoft VS Code\bin;E:\Apps\texlive\2022\bin\win32;E:\Apps\texlive\2022\bin;C:\Users\User\OpenSSL\bin;;C:\Program Files\Eclipse Adoptium\jre-21.0.1.12-hotspot\bin
JRE paths:	;C:\Program Files\Eclipse Adoptium\jre-21.0.1.12-hotspot\bin;C:\Program Files (x86)\NVIDIA Corporation\PhysX\Common;C:\Windows\system32;C:\Windows;C:\Windows\System32\Wbem;C:\Windows\System32\WindowsPowerShell\v1.0\;C:\Windows\System32\OpenSSH\;C:\Program Files\Git\cmd;C:\Program Files\dotnet\;C:\Program Files\OpenVPN\bin;C:\Program Files\PuTTY\;C:\Program Files\Docker\Docker\resources\bin;C:\Program Files\Helm\helm.exe;C:\ProgramData\chocolatey\bin;;C:\minikube;C:\Users\User\AppData\Local\Programs\Python\Python38\Scripts\;C:\Users\User\AppData\Local\Programs\Python\Python38\;C:\Users\User\AppData\Local\Microsoft\WindowsApps;C:\Users\User\AppData\Local\Programs\Microsoft VS Code\bin;E:\Apps\texlive\2022\bin\win32;E:\Apps\texlive\2022\bin;C:\Users\User\OpenSSL\bin;;C:\Program Files\Eclipse Adoptium\jre-21.0.1.12-hotspot\bin
Check launcher:	C:\Program Files\Eclipse Adoptium\jre-21.0.1.12-hotspot\bin\javaw.exe (OK)
Version string: 1.021.000_001 / 64-Bit (OK)
Launcher:	C:\Program Files\Eclipse Adoptium\jre-21.0.1.12-hotspot\bin\javaw.exe
Launcher args:	-jar "E:\Σχολη\6o εξαμηνο\Αντικειμενοστραφης\Homework\hw3\.\FileBrowser.jar"
Args length:	76/32768 chars
Exit code:	0


Version:	3.50
CmdLine:	E:\Σχολη\6o εξαμηνο\Αντικειμενοστραφης\Homework\hw3\FileBrowser.exe --l4j-debug
JNI:		No
WOW64:		Yes
Working dir:	E:\Σχολη\6o εξαμηνο\Αντικειμενοστραφης\Homework\hw3\.
Requires JDK:	No
Requires 64-Bit: No
Java min ver:	
Java max ver:	
JRE paths:	C:\Program Files\Eclipse Adoptium\jre-21.0.1.12-hotspot\bin\java.exe
Check launcher:	C:\Program Files\Eclipse Adoptium\jre-21.0.1.12-hotspot\bin\java.exe\bin\javaw.exe (not found)
Error msg:	This application requires a Java Runtime Environment.


Version:	3.50
CmdLine:	E:\Σχολη\6o εξαμηνο\Αντικειμενοστραφης\Homework\hw3\FileBrowser.exe --l4j-debug
JNI:		No
WOW64:		Yes
Working dir:	E:\Σχολη\6o εξαμηνο\Αντικειμενοστραφης\Homework\hw3\.
Requires JDK:	No
Requires 64-Bit: No
Java min ver:	
Java max ver:	
JRE paths:	C:\Program Files\Eclipse Adoptium\jre-21.0.1.12-hotspot\bin\java.exe
Check launcher:	C:\Program Files\Eclipse Adoptium\jre-21.0.1.12-hotspot\bin\java.exe\bin\javaw.exe (not found)
Error msg:	This application requires a Java Runtime Environment.


Version:	3.50
CmdLine:	E:\Σχολη\6o εξαμηνο\Αντικειμενοστραφης\Homework\hw3\FileBrowser.exe --l4j-debug
JNI:		No
WOW64:		Yes
Working dir:	E:\Σχολη\6o εξαμηνο\Αντικειμενοστραφης\Homework\hw3\.
Requires JDK:	Yes
Requires 64-Bit: No
Java min ver:	
Java max ver:	
JRE paths:	C:\Program Files\Eclipse Adoptium\jre-21.0.1.12-hotspot\bin\
Check launcher:	C:\Program Files\Eclipse Adoptium\jre-21.0.1.12-hotspot\bin\bin\javaw.exe (not found)
Error msg:	This application requires a Java Runtime Environment.


Version:	3.50
CmdLine:	E:\Σχολη\6o εξαμηνο\Αντικειμενοστραφης\Homework\hw3\FileBrowser.exe --l4j-debug
JNI:		No
WOW64:		Yes
Working dir:	E:\Σχολη\6o εξαμηνο\Αντικειμενοστραφης\Homework\hw3\.
Requires JDK:	Yes
Requires 64-Bit: No
Java min ver:	
Java max ver:	
JRE paths:	C:\Program Files\Eclipse Adoptium\jre-21.0.1.12-hotspot\bin
Check launcher:	C:\Program Files\Eclipse Adoptium\jre-21.0.1.12-hotspot\bin\javaw.exe (OK)
Check javac:	C:\Program Files\Eclipse Adoptium\jre-21.0.1.12-hotspot\bin\javac.exe (not found)
Error msg:	This application requires a Java Runtime Environment.


Version:	3.50
CmdLine:	E:\Σχολη\6o εξαμηνο\Αντικειμενοστραφης\Homework\hw3\FileBrowser.exe --l4j-debug
JNI:		No
WOW64:		Yes
Working dir:	E:\Σχολη\6o εξαμηνο\Αντικειμενοστραφης\Homework\hw3\.
Requires JDK:	Yes
Requires 64-Bit: No
Java min ver:	
Java max ver:	
JRE paths:	C:\Program Files\Eclipse Adoptium\jre-21.0.1.12-hotspot\bin
Check launcher:	C:\Program Files\Eclipse Adoptium\jre-21.0.1.12-hotspot\bin\javaw.exe (OK)
Check javac:	C:\Program Files\Eclipse Adoptium\jre-21.0.1.12-hotspot\bin\javac.exe (not found)
Error msg:	This application requires a Java Runtime Environment.


Version:	3.50
CmdLine:	E:\Σχολη\6o εξαμηνο\Αντικειμενοστραφης\Homework\hw3\FileBrowser.exe --l4j-debug
JNI:		No
WOW64:		Yes
Working dir:	E:\Σχολη\6o εξαμηνο\Αντικειμενοστραφης\Homework\hw3\.
Requires JDK:	Yes
Requires 64-Bit: No
Java min ver:	
Java max ver:	
JRE paths:	C:\Program Files\Eclipse Adoptium\jre-21.0.1.12-hotspot\bin
Check launcher:	C:\Program Files\Eclipse Adoptium\jre-21.0.1.12-hotspot\bin\javaw.exe (OK)
Check javac:	C:\Program Files\Eclipse Adoptium\jre-21.0.1.12-hotspot\bin\javac.exe (not found)
Error msg:	This application requires a Java Runtime Environment.


Version:	3.50
CmdLine:	E:\Σχολη\6o εξαμηνο\Αντικειμενοστραφης\Homework\hw3\FileBrowser.exe --l4j-debug
JNI:		No
WOW64:		Yes
Working dir:	E:\Σχολη\6o εξαμηνο\Αντικειμενοστραφης\Homework\hw3\.
Requires JDK:	Yes
Requires 64-Bit: Yes
Java min ver:	
Java max ver:	
JRE paths:	C:\Program Files\Eclipse Adoptium\jre-21.0.1.12-hotspot\bin\javaw.exe
Check launcher:	C:\Program Files\Eclipse Adoptium\jre-21.0.1.12-hotspot\bin\javaw.exe\bin\javaw.exe (not found)
Error msg:	This application requires a Java Runtime Environment.


Version:	3.50
CmdLine:	E:\Σχολη\6o εξαμηνο\Αντικειμενοστραφης\Homework\hw3\FileBrowser.exe --l4j-debug
JNI:		No
WOW64:		Yes
Working dir:	E:\Σχολη\6o εξαμηνο\Αντικειμενοστραφης\Homework\hw3\.
Requires JDK:	No
Requires 64-Bit: Yes
Java min ver:	
Java max ver:	
JRE paths:	E:\?????\6o ???????\??????????????????\Homework\hw3\jre\bin\java.exe
Check launcher:	E:\?????\6o ???????\??????????????????\Homework\hw3\jre\bin\java.exe\bin\javaw.exe (not found)
Error msg:	This application requires a Java Runtime Environment.


Version:	3.50
CmdLine:	E:\Σχολη\6o εξαμηνο\Αντικειμενοστραφης\Homework\hw3\FileBrowser.exe --l4j-debug
JNI:		No
WOW64:		Yes
Working dir:	E:\Σχολη\6o εξαμηνο\Αντικειμενοστραφης\Homework\hw3\.
Requires JDK:	No
Requires 64-Bit: Yes
Java min ver:	
Java max ver:	
JRE paths:	..\jre\bin\java.exe
Check launcher:	E:\Σχολη\6o εξαμηνο\Αντικειμενοστραφης\Homework\hw3\..\jre\bin\java.exe\bin\javaw.exe (not found)
Error msg:	This application requires a Java Runtime Environment.


Version:	3.50
CmdLine:	E:\Σχολη\6o εξαμηνο\Αντικειμενοστραφης\Homework\hw3\FileBrowser.exe --l4j-debug
JNI:		No
WOW64:		Yes
Working dir:	E:\Σχολη\6o εξαμηνο\Αντικειμενοστραφης\Homework\hw3\.
Requires JDK:	No
Requires 64-Bit: Yes
Java min ver:	
Java max ver:	
JRE paths:	jre
Check launcher:	E:\Σχολη\6o εξαμηνο\Αντικειμενοστραφης\Homework\hw3\jre\bin\javaw.exe (OK)
Version string: 1.021.000_001 / 64-Bit (OK)
Launcher:	E:\Σχολη\6o εξαμηνο\Αντικειμενοστραφης\Homework\hw3\jre\bin\javaw.exe
Launcher args:	-jar "E:\Σχολη\6o εξαμηνο\Αντικειμενοστραφης\Homework\hw3\.\FileBrowser.jar"
Args length:	76/32768 chars
Exit code:	1, restarting the application!
Exit code:	1, restarting the application!
Exit code:	1, restarting the application!
Exit code:	1, restarting the application!
Exit code:	1, restarting the application!
Exit code:	1, restarting the application!
Exit code:	1, restarting the application!
Exit code:	1, restarting the application!
Exit code:	1, restarting the application!
Exit code:	0


Version:	3.50
CmdLine:	E:\Σχολη\6o εξαμηνο\Αντικειμενοστραφης\Homework\hw3\FileBrowser.exe --l4j-debug
JNI:		No
WOW64:		Yes
Working dir:	E:\Σχολη\6o εξαμηνο\Αντικειμενοστραφης\Homework\hw3\.
Requires JDK:	No
Requires 64-Bit: Yes
Java min ver:	
Java max ver:	
JRE paths:	jre
Check launcher:	E:\Σχολη\6o εξαμηνο\Αντικειμενοστραφης\Homework\hw3\jre\bin\javaw.exe (OK)
Version string: 1.021.000_001 / 64-Bit (OK)
Launcher:	E:\Σχολη\6o εξαμηνο\Αντικειμενοστραφης\Homework\hw3\jre\bin\javaw.exe
Launcher args:	-jar "E:\Σχολη\6o εξαμηνο\Αντικειμενοστραφης\Homework\hw3\.\FileBrowser.jar"
Args length:	76/32768 chars
Exit code:	0
